{
  "stats": {
    "suites": 0,
    "tests": 5,
    "passes": 1,
    "pending": 0,
    "failures": 4,
    "start": "2023-07-03T15:19:25.889Z",
    "end": "2023-07-03T15:20:07.906Z",
    "duration": 42017,
    "testsRegistered": 5,
    "passPercent": 20,
    "pendingPercent": 0,
    "other": 0,
    "hasOther": false,
    "skipped": 0,
    "hasSkipped": false
  },
  "results": [
    {
      "uuid": "8bbc33d1-8327-46ae-b792-7e3e17333e73",
      "title": "",
      "fullFile": "cypress/integration/login.ts",
      "file": "cypress/integration/login.ts",
      "beforeHooks": [],
      "afterHooks": [],
      "tests": [
        {
          "title": "Test LOGIN",
          "fullTitle": "Test LOGIN",
          "timedOut": null,
          "duration": 12359,
          "state": "failed",
          "speed": null,
          "pass": false,
          "fail": true,
          "pending": false,
          "context": null,
          "code": "loginPage.login(URL, 'standard_user', 'secret_sauce');\nloginPage.assertLogin();",
          "err": {
            "message": "AssertionError: Timed out retrying after 4000ms: Expected to find element: `.peek`, but never found it.",
            "estack": "AssertionError: Timed out retrying after 4000ms: Expected to find element: `.peek`, but never found it.\n    at LoginPage.assertLogin (https://www.saucedemo.com/__cypress/tests?p=cypress\\integration\\login.ts:206:25)\n    at Context.eval (https://www.saucedemo.com/__cypress/tests?p=cypress\\integration\\login.ts:106:15)",
            "diff": null
          },
          "uuid": "f4dafece-3bdf-4a86-98a2-bb48c6581b4d",
          "parentUUID": "8bbc33d1-8327-46ae-b792-7e3e17333e73",
          "isHook": false,
          "skipped": false
        },
        {
          "title": "Test Sauce Demo Invalid Password",
          "fullTitle": "Test Sauce Demo Invalid Password",
          "timedOut": null,
          "duration": 3050,
          "state": "passed",
          "speed": "fast",
          "pass": true,
          "fail": false,
          "pending": false,
          "context": null,
          "code": "loginPage.login(URL, 'standard_user', 'invalidPass');\nloginPage.assertLoginFail();",
          "err": {},
          "uuid": "a0136733-f73a-431d-8165-b051ccad7565",
          "parentUUID": "8bbc33d1-8327-46ae-b792-7e3e17333e73",
          "isHook": false,
          "skipped": false
        },
        {
          "title": "Test Sauce Demo Sauce labs product backpack",
          "fullTitle": "Test Sauce Demo Sauce labs product backpack",
          "timedOut": null,
          "duration": 6242,
          "state": "failed",
          "speed": null,
          "pass": false,
          "fail": true,
          "pending": false,
          "context": null,
          "code": "loginPage.login(URL, 'standard_user', 'secret_sauce');\nloginPage.assertLogin();\ndashboardPage.sauceLabsBackpack();",
          "err": {
            "message": "AssertionError: Timed out retrying after 4000ms: Expected to find element: `.peek`, but never found it.",
            "estack": "AssertionError: Timed out retrying after 4000ms: Expected to find element: `.peek`, but never found it.\n    at LoginPage.assertLogin (https://www.saucedemo.com/__cypress/tests?p=cypress\\integration\\login.ts:206:25)\n    at Context.eval (https://www.saucedemo.com/__cypress/tests?p=cypress\\integration\\login.ts:114:15)",
            "diff": null
          },
          "uuid": "1b44e018-fc37-4056-bbdc-5fdf89d9a750",
          "parentUUID": "8bbc33d1-8327-46ae-b792-7e3e17333e73",
          "isHook": false,
          "skipped": false
        },
        {
          "title": "Test add product Sauce Labs Backpack to cart",
          "fullTitle": "Test add product Sauce Labs Backpack to cart",
          "timedOut": null,
          "duration": 8172,
          "state": "failed",
          "speed": null,
          "pass": false,
          "fail": true,
          "pending": false,
          "context": null,
          "code": "loginPage.login(URL, 'standard_user', 'secret_sauce');\nloginPage.assertLogin();\ndashboardPage.sauceLabsBackpack();\ndashboardPage.addSauceLabsBackpacktoCart();",
          "err": {
            "message": "AssertionError: Timed out retrying after 4000ms: Expected to find element: `.peek`, but never found it.",
            "estack": "AssertionError: Timed out retrying after 4000ms: Expected to find element: `.peek`, but never found it.\n    at LoginPage.assertLogin (https://www.saucedemo.com/__cypress/tests?p=cypress\\integration\\login.ts:206:25)\n    at Context.eval (https://www.saucedemo.com/__cypress/tests?p=cypress\\integration\\login.ts:119:15)",
            "diff": null
          },
          "uuid": "76b136e3-cb57-4d47-92d7-06beda7f1816",
          "parentUUID": "8bbc33d1-8327-46ae-b792-7e3e17333e73",
          "isHook": false,
          "skipped": false
        },
        {
          "title": "Test logout",
          "fullTitle": "Test logout",
          "timedOut": null,
          "duration": 6410,
          "state": "failed",
          "speed": null,
          "pass": false,
          "fail": true,
          "pending": false,
          "context": null,
          "code": "loginPage.login(URL, 'standard_user', 'secret_sauce');\nloginPage.assertLogin();\ndashboardPage.logout();",
          "err": {
            "message": "AssertionError: Timed out retrying after 4000ms: Expected to find element: `.peek`, but never found it.",
            "estack": "AssertionError: Timed out retrying after 4000ms: Expected to find element: `.peek`, but never found it.\n    at LoginPage.assertLogin (https://www.saucedemo.com/__cypress/tests?p=cypress\\integration\\login.ts:206:25)\n    at Context.eval (https://www.saucedemo.com/__cypress/tests?p=cypress\\integration\\login.ts:125:15)",
            "diff": null
          },
          "uuid": "5257a1cc-991b-4a2a-b2de-8c7fa878f604",
          "parentUUID": "8bbc33d1-8327-46ae-b792-7e3e17333e73",
          "isHook": false,
          "skipped": false
        }
      ],
      "suites": [],
      "passes": [
        "a0136733-f73a-431d-8165-b051ccad7565"
      ],
      "failures": [
        "f4dafece-3bdf-4a86-98a2-bb48c6581b4d",
        "1b44e018-fc37-4056-bbdc-5fdf89d9a750",
        "76b136e3-cb57-4d47-92d7-06beda7f1816",
        "5257a1cc-991b-4a2a-b2de-8c7fa878f604"
      ],
      "pending": [],
      "skipped": [],
      "duration": 36233,
      "root": true,
      "rootEmpty": false,
      "_timeout": 2000
    }
  ],
  "meta": {
    "mocha": {
      "version": "7.0.1"
    },
    "mochawesome": {
      "options": {
        "quiet": false,
        "reportFilename": "mochawesome",
        "saveHtml": false,
        "saveJson": true,
        "consoleReporter": "spec",
        "useInlineDiffs": false,
        "code": true
      },
      "version": "7.1.3"
    },
    "marge": {
      "options": {
        "chart": true,
        "overwrite": false,
        "html": false,
        "json": true,
        "reportDir": "cypress/reports"
      },
      "version": "6.2.0"
    }
  }
}